{"/Users/user/Documents/My Projects/vue-3-init/src/main.js": {"path":"/Users/user/Documents/My Projects/vue-3-init/src/main.js","statementMap":{"0":{"start":{"line":6,"column":0},"end":{"line":8,"column":16}}},"fnMap":{},"branchMap":{},"s":{"0":0},"f":{},"b":{}}
,"/Users/user/Documents/My Projects/vue-3-init/src/components/form/InputDropDown.vue": {"path":"/Users/user/Documents/My Projects/vue-3-init/src/components/form/InputDropDown.vue","statementMap":{"0":{"start":{"line":5,"column":14},"end":{"line":5,"column":null}},"1":{"start":{"line":28,"column":15},"end":{"line":28,"column":22}},"2":{"start":{"line":29,"column":17},"end":{"line":29,"column":27}},"3":{"start":{"line":30,"column":15},"end":{"line":30,"column":24}},"4":{"start":{"line":32,"column":13},"end":{"line":32,"column":47}},"5":{"start":{"line":34,"column":0},"end":{"line":46,"column":1}},"6":{"start":{"line":35,"column":8},"end":{"line":35,"column":24}},"7":{"start":{"line":37,"column":4},"end":{"line":37,"column":35}},"8":{"start":{"line":38,"column":17},"end":{"line":38,"column":68}},"9":{"start":{"line":38,"column":41},"end":{"line":38,"column":67}},"10":{"start":{"line":39,"column":4},"end":{"line":39,"column":29}},"11":{"start":{"line":40,"column":4},"end":{"line":43,"column":5}},"12":{"start":{"line":41,"column":6},"end":{"line":41,"column":23}},"13":{"start":{"line":42,"column":6},"end":{"line":42,"column":12}},"14":{"start":{"line":44,"column":4},"end":{"line":44,"column":36}},"15":{"start":{"line":48,"column":19},"end":{"line":52,"column":1}},"16":{"start":{"line":49,"column":2},"end":{"line":51,"column":4}},"17":{"start":{"line":50,"column":4},"end":{"line":50,"column":79}},"18":{"start":{"line":54,"column":26},"end":{"line":54,"column":69}},"19":{"start":{"line":54,"column":41},"end":{"line":54,"column":68}},"20":{"start":{"line":56,"column":21},"end":{"line":61,"column":1}},"21":{"start":{"line":57,"column":2},"end":{"line":57,"column":23}},"22":{"start":{"line":58,"column":2},"end":{"line":58,"column":34}},"23":{"start":{"line":59,"column":2},"end":{"line":59,"column":47}},"24":{"start":{"line":60,"column":2},"end":{"line":60,"column":24}},"25":{"start":{"line":63,"column":14},"end":{"line":66,"column":1}},"26":{"start":{"line":64,"column":2},"end":{"line":64,"column":22}},"27":{"start":{"line":65,"column":2},"end":{"line":65,"column":23}},"28":{"start":{"line":68,"column":17},"end":{"line":73,"column":1}},"29":{"start":{"line":69,"column":2},"end":{"line":69,"column":26}},"30":{"start":{"line":70,"column":2},"end":{"line":72,"column":9}},"31":{"start":{"line":71,"column":4},"end":{"line":71,"column":26}},"32":{"start":{"line":75,"column":20},"end":{"line":78,"column":1}},"33":{"start":{"line":76,"column":2},"end":{"line":76,"column":24}},"34":{"start":{"line":77,"column":2},"end":{"line":77,"column":31}},"35":{"start":{"line":80,"column":0},"end":{"line":80,"column":54}},"36":{"start":{"line":80,"column":30},"end":{"line":80,"column":52}},"37":{"start":{"line":1,"column":0},"end":{"line":1,"column":14}},"38":{"start":{"line":1,"column":0},"end":{"line":88,"column":null}},"39":{"start":{"line":95,"column":6},"end":{"line":1,"column":14}},"40":{"start":{"line":98,"column":16},"end":{"line":98,"column":null}}},"fnMap":{"0":{"name":"(anonymous_2)","decl":{"start":{"line":35,"column":2},"end":{"line":35,"column":3}},"loc":{"start":{"line":35,"column":8},"end":{"line":35,"column":24}}},"1":{"name":"(anonymous_3)","decl":{"start":{"line":36,"column":2},"end":{"line":36,"column":3}},"loc":{"start":{"line":36,"column":11},"end":{"line":45,"column":3}}},"2":{"name":"(anonymous_4)","decl":{"start":{"line":38,"column":33},"end":{"line":38,"column":34}},"loc":{"start":{"line":38,"column":41},"end":{"line":38,"column":67}}},"3":{"name":"(anonymous_5)","decl":{"start":{"line":48,"column":28},"end":{"line":48,"column":29}},"loc":{"start":{"line":49,"column":2},"end":{"line":51,"column":4}}},"4":{"name":"(anonymous_6)","decl":{"start":{"line":49,"column":20},"end":{"line":49,"column":21}},"loc":{"start":{"line":49,"column":28},"end":{"line":51,"column":3}}},"5":{"name":"(anonymous_7)","decl":{"start":{"line":54,"column":35},"end":{"line":54,"column":36}},"loc":{"start":{"line":54,"column":41},"end":{"line":54,"column":68}}},"6":{"name":"(anonymous_8)","decl":{"start":{"line":56,"column":21},"end":{"line":56,"column":22}},"loc":{"start":{"line":56,"column":31},"end":{"line":61,"column":1}}},"7":{"name":"(anonymous_9)","decl":{"start":{"line":63,"column":14},"end":{"line":63,"column":15}},"loc":{"start":{"line":63,"column":25},"end":{"line":66,"column":1}}},"8":{"name":"(anonymous_10)","decl":{"start":{"line":68,"column":17},"end":{"line":68,"column":18}},"loc":{"start":{"line":68,"column":28},"end":{"line":73,"column":1}}},"9":{"name":"(anonymous_11)","decl":{"start":{"line":70,"column":13},"end":{"line":70,"column":14}},"loc":{"start":{"line":70,"column":19},"end":{"line":72,"column":3}}},"10":{"name":"(anonymous_12)","decl":{"start":{"line":75,"column":20},"end":{"line":75,"column":21}},"loc":{"start":{"line":75,"column":31},"end":{"line":78,"column":1}}},"11":{"name":"(anonymous_13)","decl":{"start":{"line":80,"column":23},"end":{"line":80,"column":24}},"loc":{"start":{"line":80,"column":30},"end":{"line":80,"column":52}}},"12":{"name":"(anonymous_16)","decl":{"start":{"line":1,"column":0},"end":{"line":1,"column":14}},"loc":{"start":{"line":1,"column":0},"end":{"line":88,"column":null}}},"13":{"name":"(anonymous_18)","decl":{"start":{"line":98,"column":14},"end":{"line":98,"column":16}},"loc":{"start":{"line":98,"column":16},"end":{"line":98,"column":null}}}},"branchMap":{"0":{"loc":{"start":{"line":40,"column":4},"end":{"line":43,"column":5}},"type":"if","locations":[{"start":{"line":40,"column":4},"end":{"line":43,"column":5}},{"start":{"line":40,"column":4},"end":{"line":43,"column":5}}]},"1":{"loc":{"start":{"line":1,"column":0},"end":{"line":88,"column":null}},"type":"binary-expr","locations":[{"start":{"line":1,"column":0},"end":{"line":1,"column":14}},{"start":{"line":1,"column":0},"end":{"line":88,"column":null}}]},"2":{"loc":{"start":{"line":102,"column":16},"end":{"line":1,"column":14}},"type":"cond-expr","locations":[{"start":{"line":102,"column":6},"end":{"line":104,"column":11}},{"start":{"line":1,"column":0},"end":{"line":1,"column":14}}]}},"s":{"0":1,"1":1,"2":1,"3":1,"4":1,"5":1,"6":1,"7":0,"8":0,"9":0,"10":0,"11":0,"12":0,"13":0,"14":0,"15":1,"16":1,"17":0,"18":1,"19":1,"20":1,"21":0,"22":0,"23":0,"24":0,"25":1,"26":0,"27":0,"28":1,"29":0,"30":0,"31":0,"32":1,"33":0,"34":0,"35":1,"36":0,"37":3,"38":0,"39":0,"40":0},"f":{"0":1,"1":0,"2":0,"3":1,"4":0,"5":1,"6":0,"7":0,"8":0,"9":0,"10":0,"11":0,"12":0,"13":0},"b":{"0":[0,0],"1":[1,1],"2":[1,0]}}
,"/Users/user/Documents/My Projects/vue-3-init/src/layouts/Default.vue": {"path":"/Users/user/Documents/My Projects/vue-3-init/src/layouts/Default.vue","statementMap":{"0":{"start":{"line":6,"column":7},"end":{"line":6,"column":null}},"1":{"start":{"line":9,"column":10},"end":{"line":9,"column":null}}},"fnMap":{},"branchMap":{},"s":{"0":0,"1":0},"f":{},"b":{}}
,"/Users/user/Documents/My Projects/vue-3-init/src/router/index.js": {"path":"/Users/user/Documents/My Projects/vue-3-init/src/router/index.js","statementMap":{"0":{"start":{"line":3,"column":15},"end":{"line":19,"column":2}},"1":{"start":{"line":9,"column":23},"end":{"line":9,"column":54}},"2":{"start":{"line":14,"column":27},"end":{"line":14,"column":53}}},"fnMap":{"0":{"name":"(anonymous_0)","decl":{"start":{"line":9,"column":17},"end":{"line":9,"column":18}},"loc":{"start":{"line":9,"column":23},"end":{"line":9,"column":54}}},"1":{"name":"(anonymous_1)","decl":{"start":{"line":14,"column":21},"end":{"line":14,"column":22}},"loc":{"start":{"line":14,"column":27},"end":{"line":14,"column":53}}}},"branchMap":{},"s":{"0":0,"1":0,"2":0},"f":{"0":0,"1":0},"b":{}}
,"/Users/user/Documents/My Projects/vue-3-init/src/views/Home.vue": {"path":"/Users/user/Documents/My Projects/vue-3-init/src/views/Home.vue","statementMap":{"0":{"start":{"line":5,"column":17},"end":{"line":96,"column":1}},"1":{"start":{"line":98,"column":17},"end":{"line":98,"column":24}},"2":{"start":{"line":100,"column":14},"end":{"line":102,"column":1}},"3":{"start":{"line":101,"column":2},"end":{"line":101,"column":21}},"4":{"start":{"line":104,"column":15},"end":{"line":106,"column":1}},"5":{"start":{"line":105,"column":2},"end":{"line":105,"column":22}},"6":{"start":{"line":111,"column":4},"end":{"line":111,"column":54}},"7":{"start":{"line":113,"column":9},"end":{"line":113,"column":null}},"8":{"start":{"line":115,"column":43},"end":{"line":115,"column":54}},"9":{"start":{"line":1,"column":0},"end":{"line":123,"column":null}}},"fnMap":{"0":{"name":"(anonymous_1)","decl":{"start":{"line":100,"column":14},"end":{"line":100,"column":15}},"loc":{"start":{"line":100,"column":20},"end":{"line":102,"column":1}}},"1":{"name":"(anonymous_2)","decl":{"start":{"line":104,"column":15},"end":{"line":104,"column":16}},"loc":{"start":{"line":104,"column":24},"end":{"line":106,"column":1}}},"2":{"name":"(anonymous_4)","decl":{"start":{"line":115,"column":41},"end":{"line":115,"column":43}},"loc":{"start":{"line":115,"column":43},"end":{"line":115,"column":54}}},"3":{"name":"(anonymous_5)","decl":{"start":{"line":1,"column":0},"end":{"line":1,"column":14}},"loc":{"start":{"line":1,"column":0},"end":{"line":123,"column":null}}}},"branchMap":{"0":{"loc":{"start":{"line":115,"column":41},"end":{"line":115,"column":54}},"type":"binary-expr","locations":[{"start":{"line":115,"column":41},"end":{"line":115,"column":43}},{"start":{"line":115,"column":41},"end":{"line":115,"column":54}}]},"1":{"loc":{"start":{"line":1,"column":0},"end":{"line":123,"column":null}},"type":"binary-expr","locations":[{"start":{"line":1,"column":0},"end":{"line":1,"column":14}},{"start":{"line":1,"column":0},"end":{"line":123,"column":null}}]}},"s":{"0":0,"1":0,"2":0,"3":0,"4":0,"5":0,"6":0,"7":0,"8":0,"9":0},"f":{"0":0,"1":0,"2":0,"3":0},"b":{"0":[0,0],"1":[0,0]}}
}
